============================= test session starts ==============================
platform darwin -- Python 3.10.19, pytest-8.4.2, pluggy-1.6.0 -- /Users/vishwam/VSCode/PESU_RR_CSE_L_P47_Dynamic_Resume_Analyzer_CommitAndChill/.sevenv/bin/python
cachedir: .pytest_cache
rootdir: /Users/vishwam/VSCode/PESU_RR_CSE_L_P47_Dynamic_Resume_Analyzer_CommitAndChill
configfile: pytest.ini
plugins: mock-3.15.1, asyncio-1.2.0, anyio-4.11.0, cov-7.0.0
asyncio: mode=strict, debug=False, asyncio_default_fixture_loop_scope=None, asyncio_default_test_loop_scope=function
collecting ... collected 236 items

tests/integration/test_action_verbs_feedback.py::test_action_verb_feedback_integration PASSED [  0%]
tests/integration/test_batch_anonymization.py::test_anonymization_in_batch_processing PASSED [  0%]
tests/integration/test_batch_upload_api.py::test_batch_upload_workflow PASSED [  1%]
tests/integration/test_feedback_pipeline_grammar.py::TestGrammarFeedbackIntegration::test_end_to_end_grammar_integration PASSED [  1%]
tests/integration/test_feedback_pipeline_grammar.py::TestGrammarFeedbackIntegration::test_grammar_optional_flag PASSED [  2%]
tests/integration/test_feedback_pipeline_grammar.py::TestGrammarIntegrationHelpers::test_enhance_feedback_with_grammar_function PASSED [  2%]
tests/integration/test_feedback_pipeline_grammar.py::TestGrammarPipelineEdgeCases::test_grammar_integration_exception_handling PASSED [  2%]
tests/integration/test_feedback_pipeline_grammar.py::TestGrammarPipelineEdgeCases::test_empty_resume_does_not_crash PASSED [  3%]
tests/integration/test_feedback_pipeline_grammar.py::TestGrammarPipelineEdgeCases::test_action_verb_only_mode PASSED [  3%]
tests/integration/test_feedback_pipeline_grammar.py::TestGrammarPipelineEdgeCases::test_enhance_feedback_with_grammar_merges_existing_fields PASSED [  4%]
tests/integration/test_feedback_pipeline_grammar.py::TestGrammarPipelineEdgeCases::test_mock_tool_is_used_in_ci_mode PASSED [  4%]
tests/integration/test_feedback_ui_verification.py::TestFeedbackUIIntegration::test_api_returns_incomplete_section_feedback PASSED [  5%]
tests/integration/test_feedback_ui_verification.py::TestFeedbackUIIntegration::test_incomplete_sections_have_messages PASSED [  5%]
tests/integration/test_feedback_ui_verification.py::TestFeedbackUIIntegration::test_feedback_includes_strengths PASSED [  5%]
tests/integration/test_feedback_ui_verification.py::TestFeedbackUIIntegration::test_feedback_includes_suggestions PASSED [  6%]
tests/integration/test_feedback_ui_verification.py::TestFeedbackUIIntegration::test_overall_score_calculated PASSED [  6%]
tests/integration/test_feedback_ui_verification.py::TestFeedbackUIIntegration::test_missing_and_incomplete_sections_distinguished PASSED [  7%]
tests/integration/test_feedback_ui_verification.py::TestFeedbackUIIntegration::test_invalid_job_id_returns_404 PASSED [  7%]
tests/integration/test_fr009_complete.py::test_fr009_complete_flow PASSED [  8%]
tests/integration/test_gap_feedback.py::TestGapDetectionIntegration::test_end_to_end_gap_detection PASSED [  8%]
tests/integration/test_jd_matching_integration.py::TestJDMatchingIntegration::test_compare_endpoint_complete_flow PASSED [  8%]
tests/integration/test_jd_matching_integration.py::TestJDMatchingIntegration::test_invalid_file_rejected PASSED [  9%]
tests/integration/test_jd_matching_integration.py::TestJDMatchingIntegration::test_empty_jd PASSED [  9%]
tests/integration/test_jd_matching_integration.py::TestJDMatchingIntegration::test_skills_only_jd PASSED [ 10%]
tests/integration/test_parsing_feedback_flow.py::TestParsingFeedbackIntegration::test_upload_complete_resume_returns_all_sections PASSED [ 10%]
tests/integration/test_parsing_feedback_flow.py::TestParsingFeedbackIntegration::test_upload_missing_skills_flagged PASSED [ 11%]
tests/integration/test_parsing_feedback_flow.py::TestParsingFeedbackIntegration::test_upload_multiple_missing_sections PASSED [ 11%]
tests/integration/test_parsing_feedback_flow.py::TestParsingFeedbackIntegration::test_end_to_end_parsing_validation_flow PASSED [ 11%]
tests/integration/test_parsing_feedback_flow.py::TestParsingFeedbackIntegration::test_health_endpoint_still_works PASSED [ 12%]
tests/integration/test_parsing_feedback_flow.py::TestParsingFeedbackIntegration::test_invalid_file_still_rejected PASSED [ 12%]
tests/integration/test_parsing_pipeline.py::test_skill_parser_integration PASSED [ 13%]
tests/integration/test_parsing_pipeline.py::test_section_detector_integration PASSED [ 13%]
tests/integration/test_parsing_pipeline.py::test_fr005_section_detector_merge_integration PASSED [ 13%]
tests/integration/test_performance.py::test_concurrent_save_file_performance[asyncio] PASSED [ 14%]
tests/integration/test_performance.py::test_concurrent_save_file_performance[trio] PASSED [ 14%]
tests/integration/test_report_privacy.py::test_pdf_anonymization_is_enforced PASSED [ 15%]
tests/integration/test_score_report_integration.py::test_dra64_score_to_report_integration PASSED [ 15%]
tests/integration/test_security.py::test_https_enforcement_redirect PASSED [ 16%]
tests/integration/test_upload_api.py::TestUploadAPI::test_upload_valid_pdf_returns_202 PASSED [ 16%]
tests/integration/test_upload_api.py::TestUploadAPI::test_upload_valid_docx_returns_202 PASSED [ 16%]
tests/integration/test_upload_api.py::TestUploadAPI::test_upload_invalid_format_returns_415 PASSED [ 17%]
tests/integration/test_upload_api.py::TestUploadAPI::test_upload_oversized_file_returns_413 PASSED [ 17%]
tests/integration/test_upload_api.py::TestUploadAPI::test_upload_empty_file_returns_413 PASSED [ 18%]
tests/integration/test_upload_api.py::TestUploadAPI::test_health_endpoint_returns_200 PASSED [ 18%]
tests/system/test_api_download.py::test_download_report_end_to_end_workflow PASSED [ 19%]
tests/system/test_end_to_end_resume_upload.py::test_end_to_end_resume_upload_flow PASSED [ 19%]
tests/system/test_end_to_end_resume_upload.py::test_end_to_end_pdf_upload PASSED [ 19%]
tests/system/test_end_to_end_resume_upload.py::test_end_to_end_invalid_file_rejected PASSED [ 20%]
tests/system/test_end_to_end_resume_upload.py::test_upload_triggers_background_analysis PASSED [ 20%]
tests/system/test_end_to_end_resume_upload.py::test_fr005_end_to_end_merge_logic PASSED [ 21%]
tests/system/test_incomplete_sections_e2e.py::test_end_to_end_incomplete_section_detection PASSED [ 21%]
tests/system/test_incomplete_sections_e2e.py::test_complete_resume_no_incomplete_flags PASSED [ 22%]
tests/unit/api/test_compare.py::TestCompareAPI::test_compare_endpoint_health PASSED [ 22%]
tests/unit/api/test_compare.py::TestCompareAPI::test_missing_file PASSED [ 22%]
tests/unit/api/test_compare.py::TestCompareAPI::test_missing_jd PASSED   [ 23%]
tests/unit/api/test_compare.py::TestCompareAPI::test_empty_jd PASSED     [ 23%]
tests/unit/api/test_compare.py::TestCompareAPI::test_invalid_file_extension PASSED [ 24%]
tests/unit/api/test_compare.py::TestCompareAPI::test_successful_comparison PASSED [ 24%]
tests/unit/api/test_compare.py::TestCompareAPI::test_no_skills_matched PASSED [ 25%]
tests/unit/api/test_compare.py::TestCompareAPI::test_analyzer_failure PASSED [ 25%]
tests/unit/api/test_compare.py::TestCompareAPI::test_pdf_file_accepted PASSED [ 25%]
tests/unit/api/test_compare.py::TestCompareAPI::test_docx_file_accepted PASSED [ 26%]
tests/unit/api/test_compare.py::TestConvertAnalyzerResults::test_convert_complete_result PASSED [ 26%]
tests/unit/api/test_compare.py::TestConvertAnalyzerResults::test_convert_failed_result PASSED [ 27%]
tests/unit/api/test_compare.py::TestConvertAnalyzerResults::test_convert_with_empty_sections PASSED [ 27%]
tests/unit/core/test_masking.py::test_mask_email_simple PASSED           [ 27%]
tests/unit/core/test_masking.py::test_mask_email_complex PASSED          [ 28%]
tests/unit/core/test_masking.py::test_mask_phone_international PASSED    [ 28%]
tests/unit/core/test_masking.py::test_mask_phone_10_digit PASSED         [ 29%]
tests/unit/core/test_masking.py::test_mask_phone_empty PASSED            [ 29%]
tests/unit/core/test_masking.py::test_mask_email_empty PASSED            [ 30%]
tests/unit/feedback/test_feedback_generator.py::TestIncompleteSectionDetection::test_detect_complete_sections PASSED [ 30%]
tests/unit/feedback/test_feedback_generator.py::TestIncompleteSectionDetection::test_detect_incomplete_education PASSED [ 30%]
tests/unit/feedback/test_feedback_generator.py::TestIncompleteSectionDetection::test_detect_empty_section PASSED [ 31%]
tests/unit/feedback/test_feedback_generator.py::TestIncompleteSectionDetection::test_detect_multiple_incomplete_sections PASSED [ 31%]
tests/unit/feedback/test_feedback_generator.py::TestIncompleteSectionDetection::test_generate_incomplete_feedback_messages PASSED [ 32%]
tests/unit/feedback/test_feedback_generator.py::TestIncompleteSectionDetection::test_feedback_includes_suggestions PASSED [ 32%]
tests/unit/feedback/test_feedback_generator.py::TestIncompleteSectionDetection::test_word_count_tracked PASSED [ 33%]
tests/unit/feedback/test_feedback_generator.py::TestIncompleteSectionDetection::test_section_specific_suggestions PASSED [ 33%]
tests/unit/feedback/test_feedback_generator.py::TestComprehensiveFeedback::test_generate_comprehensive_feedback PASSED [ 33%]
tests/unit/feedback/test_feedback_generator.py::TestComprehensiveFeedback::test_balanced_feedback_tone PASSED [ 34%]
tests/unit/feedback/test_feedback_generator.py::TestComprehensiveFeedback::test_score_penalty_for_incomplete_sections PASSED [ 34%]
tests/unit/feedback/test_feedback_generator.py::TestComprehensiveFeedback::test_suggestions_limited_to_five PASSED [ 35%]
tests/unit/feedback/test_report_generation.py::test_pdf_contains_key_report_data PASSED [ 35%]
tests/unit/feedback/test_scoring.py::test_scoring_perfect_fit PASSED     [ 36%]
tests/unit/feedback/test_scoring.py::test_scoring_high_quality_low_fit PASSED [ 36%]
tests/unit/feedback/test_scoring.py::test_scoring_poor_quality_high_fit PASSED [ 36%]
tests/unit/feedback/test_scoring.py::test_scoring_mixed_result PASSED    [ 37%]
tests/unit/feedback/test_suggestion_rules.py::test_suggestion_software_matches_minimalist PASSED [ 37%]
tests/unit/feedback/test_suggestion_rules.py::test_suggestion_sales_matches_hybrid PASSED [ 38%]
tests/unit/feedback/test_suggestion_rules.py::test_suggestion_hr_matches_functional PASSED [ 38%]
tests/unit/feedback/test_suggestion_rules.py::test_suggestion_prioritizes_first_match PASSED [ 38%]
tests/unit/feedback/test_suggestion_rules.py::test_suggestion_default_fallback PASSED [ 39%]
tests/unit/feedback/test_suggestion_rules.py::test_suggestion_empty_keywords PASSED [ 39%]
tests/unit/parsing/test_analyzer.py::test_run_analysis_orchestration PASSED [ 40%]
tests/unit/parsing/test_content_validator.py::TestContentValidator::test_ac_missing_contact_info PASSED [ 40%]
tests/unit/parsing/test_content_validator.py::TestContentValidator::test_found_contact_info PASSED [ 41%]
tests/unit/parsing/test_content_validator.py::TestContentValidator::test_ac_date_consistency_pass_mmm_yyyy PASSED [ 41%]
tests/unit/parsing/test_content_validator.py::TestContentValidator::test_ac_date_consistency_pass_mm_yyyy PASSED [ 41%]
tests/unit/parsing/test_content_validator.py::TestContentValidator::test_ac_date_inconsistency_fail PASSED [ 42%]
tests/unit/parsing/test_content_validator.py::TestContentValidator::test_no_dates_found PASSED [ 42%]
tests/unit/parsing/test_experience_parser.py::TestExperienceParser::test_parse_experience_section PASSED [ 43%]
tests/unit/parsing/test_experience_parser.py::TestExperienceParser::test_parse_no_experience_section PASSED [ 43%]
tests/unit/parsing/test_experience_parser.py::TestExperienceParser::test_extract_dates_from_text PASSED [ 44%]
tests/unit/parsing/test_experience_parser.py::TestExperienceParser::test_handle_present_end_date PASSED [ 44%]
tests/unit/parsing/test_gap_detector.py::TestWordCountAnalysis::test_short_resume_flagged PASSED [ 44%]
tests/unit/parsing/test_gap_detector.py::TestWordCountAnalysis::test_long_resume_flagged PASSED [ 45%]
tests/unit/parsing/test_gap_detector.py::TestWordCountAnalysis::test_optimal_word_count PASSED [ 45%]
tests/unit/parsing/test_gap_detector.py::TestWordCountAnalysis::test_word_count_ignores_extra_whitespace PASSED [ 46%]
tests/unit/parsing/test_gap_detector.py::TestWordCountAnalysis::test_empty_resume PASSED [ 46%]
tests/unit/parsing/test_gap_detector.py::TestDateParsing::test_parse_mm_yyyy_format PASSED [ 47%]
tests/unit/parsing/test_gap_detector.py::TestDateParsing::test_parse_mm_dash_yyyy_format PASSED [ 47%]
tests/unit/parsing/test_gap_detector.py::TestDateParsing::test_parse_month_name_format PASSED [ 47%]
tests/unit/parsing/test_gap_detector.py::TestDateParsing::test_parse_abbreviated_month_format PASSED [ 48%]
tests/unit/parsing/test_gap_detector.py::TestDateParsing::test_parse_year_only_format PASSED [ 48%]
tests/unit/parsing/test_gap_detector.py::TestDateParsing::test_parse_present PASSED [ 49%]
tests/unit/parsing/test_gap_detector.py::TestDateParsing::test_parse_current PASSED [ 49%]
tests/unit/parsing/test_gap_detector.py::TestDateParsing::test_parse_invalid_date PASSED [ 50%]
tests/unit/parsing/test_gap_detector.py::TestDateParsing::test_parse_empty_string PASSED [ 50%]
tests/unit/parsing/test_gap_detector.py::TestDateParsing::test_parse_case_insensitive PASSED [ 50%]
tests/unit/parsing/test_gap_detector.py::TestEmploymentGapDetection::test_detect_gap_greater_than_6_months PASSED [ 51%]
tests/unit/parsing/test_gap_detector.py::TestEmploymentGapDetection::test_no_gap_detected_under_6_months PASSED [ 51%]
tests/unit/parsing/test_gap_detector.py::TestEmploymentGapDetection::test_multiple_gaps_detected PASSED [ 52%]
tests/unit/parsing/test_gap_detector.py::TestEmploymentGapDetection::test_no_employment_history PASSED [ 52%]
tests/unit/parsing/test_gap_detector.py::TestEmploymentGapDetection::test_single_job_no_gap PASSED [ 52%]
tests/unit/parsing/test_gap_detector.py::TestEmploymentGapDetection::test_overlapping_jobs_no_gap PASSED [ 53%]
tests/unit/parsing/test_gap_detector.py::TestEmploymentGapDetection::test_gap_feedback_message_format PASSED [ 53%]
tests/unit/parsing/test_gap_detector.py::TestEmploymentGapDetection::test_missing_dates_handled_gracefully PASSED [ 54%]
tests/unit/parsing/test_gap_detector.py::TestEmploymentGapDetection::test_gap_info_structure PASSED [ 54%]
tests/unit/parsing/test_gap_detector.py::TestEmploymentGapDetection::test_calculate_month_difference PASSED [ 55%]
tests/unit/parsing/test_gap_detector.py::TestCompleteAnalysis::test_analyze_resume_complete PASSED [ 55%]
tests/unit/parsing/test_jd_matcher.py::TestJDParser::test_extract_skills_from_jd PASSED [ 55%]
tests/unit/parsing/test_jd_matcher.py::TestJDParser::test_extract_experience_requirements PASSED [ 56%]
tests/unit/parsing/test_jd_matcher.py::TestJDParser::test_extract_education_requirements PASSED [ 56%]
tests/unit/parsing/test_jd_matcher.py::TestJDParser::test_no_experience_requirement PASSED [ 57%]
tests/unit/parsing/test_jd_matcher.py::TestJDParser::test_no_education_requirement PASSED [ 57%]
tests/unit/parsing/test_jd_matcher.py::TestSkillMatcher::test_exact_match PASSED [ 58%]
tests/unit/parsing/test_jd_matcher.py::TestSkillMatcher::test_synonym_match PASSED [ 58%]
tests/unit/parsing/test_jd_matcher.py::TestSkillMatcher::test_missing_skills_detection PASSED [ 58%]
tests/unit/parsing/test_jd_matcher.py::TestSkillMatcher::test_empty_resume_skills PASSED [ 59%]
tests/unit/parsing/test_jd_matcher.py::TestSkillMatcher::test_empty_required_skills PASSED [ 59%]
tests/unit/parsing/test_jd_matcher.py::TestJDMatcher::test_high_fit_percentage PASSED [ 60%]
tests/unit/parsing/test_jd_matcher.py::TestJDMatcher::test_low_fit_percentage PASSED [ 60%]
tests/unit/parsing/test_jd_matcher.py::TestJDMatcher::test_recommendations_generated PASSED [ 61%]
tests/unit/parsing/test_jd_matcher.py::TestJDMatcher::test_weighted_calculation PASSED [ 61%]
tests/unit/parsing/test_jd_matcher.py::TestJDMatcher::test_all_skills_matched PASSED [ 61%]
tests/unit/parsing/test_jd_matcher.py::TestJDMatcher::test_fit_categories PASSED [ 62%]
tests/unit/parsing/test_jd_matcher.py::TestJDMatcher::test_experience_match_no_requirement PASSED [ 62%]
tests/unit/parsing/test_jd_matcher.py::TestJDMatcher::test_experience_match_exact PASSED [ 63%]
tests/unit/parsing/test_jd_matcher.py::TestJDMatcher::test_experience_match_insufficient PASSED [ 63%]
tests/unit/parsing/test_jd_matcher.py::TestJDMatcher::test_education_match_no_requirement PASSED [ 63%]
tests/unit/parsing/test_jd_matcher.py::TestJDMatcher::test_education_match_bachelor PASSED [ 64%]
tests/unit/parsing/test_jd_matcher.py::TestJDMatcher::test_education_match_no_degree PASSED [ 64%]
tests/unit/parsing/test_jd_matcher.py::TestJDMatcher::test_string_skills_conversion PASSED [ 65%]
tests/unit/parsing/test_section_detector.py::TestSectionDetection::test_detect_all_sections_present PASSED [ 65%]
tests/unit/parsing/test_section_detector.py::TestSectionDetection::test_detect_missing_skills_section PASSED [ 66%]
tests/unit/parsing/test_section_detector.py::TestSectionDetection::test_find_missing_sections_with_skills_absent PASSED [ 66%]
tests/unit/parsing/test_section_detector.py::TestSectionDetection::test_find_missing_multiple_sections PASSED [ 66%]
tests/unit/parsing/test_section_detector.py::TestSectionDetection::test_section_completeness_sufficient_content PASSED [ 67%]
tests/unit/parsing/test_section_detector.py::TestSectionDetection::test_section_completeness_insufficient_content PASSED [ 67%]
tests/unit/parsing/test_section_detector.py::TestSectionDetection::test_empty_resume_all_missing PASSED [ 68%]
tests/unit/parsing/test_section_detector.py::TestSectionDetection::test_validate_resume_structure_complete PASSED [ 68%]
tests/unit/parsing/test_section_detector.py::TestSectionDetection::test_validate_resume_structure_missing_skills PASSED [ 69%]
tests/unit/parsing/test_section_detector.py::TestSectionDetection::test_case_insensitive_detection PASSED [ 69%]
tests/unit/parsing/test_section_detector.py::TestSectionDetection::test_alternate_section_headers PASSED [ 69%]
tests/unit/parsing/test_section_detector.py::TestSectionDetection::test_whitespace_only_resume PASSED [ 70%]
tests/unit/parsing/test_section_detector.py::TestSectionDetection::test_completeness_score_calculation PASSED [ 70%]
tests/unit/parsing/test_section_detector.py::TestSectionDetection::test_fr005_split_and_merge_sections PASSED [ 71%]
tests/unit/parsing/test_section_detector.py::TestSectionDetection::test_fr005_validate_structure_with_merge PASSED [ 71%]
tests/unit/parsing/test_skill_parser.py::test_extract_skills_technical PASSED [ 72%]
tests/unit/parsing/test_skill_parser.py::test_extract_skills_synonyms PASSED [ 72%]
tests/unit/parsing/test_skill_parser.py::test_extract_skills_deduplication PASSED [ 72%]
tests/unit/parsing/test_skill_parser.py::test_extract_skills_no_skills PASSED [ 73%]
tests/unit/parsing/test_text_extractor.py::TestTextExtractor::test_extract_from_txt_file PASSED [ 73%]
tests/unit/parsing/test_text_extractor.py::TestTextExtractor::test_extract_from_nonexistent_file PASSED [ 74%]
tests/unit/parsing/test_text_extractor.py::TestTextExtractor::test_extract_unsupported_format PASSED [ 74%]
tests/unit/test_action_verbs.py::test_detects_weak_verbs PASSED          [ 75%]
tests/unit/test_action_verbs.py::test_strong_verbs_no_suggestions PASSED [ 75%]
tests/unit/test_action_verbs.py::test_case_insensitivity PASSED          [ 75%]
tests/unit/test_action_verbs.py::test_score_calculation PASSED           [ 76%]
tests/unit/test_action_verbs.py::test_empty_text_returns_full_score PASSED [ 76%]
tests/unit/test_error_handling.py::test_http_exception_structured_response PASSED [ 77%]
tests/unit/test_feedback_generator_extra.py::test_generate_comprehensive_feedback_empty_sections PASSED [ 77%]
tests/unit/test_feedback_generator_extra.py::test_feedback_generator_strengths_logic PASSED [ 77%]
tests/unit/test_feedback_generator_extra.py::test_generate_comprehensive_feedback_with_grammar_disabled PASSED [ 78%]
tests/unit/test_file_cleanup.py::test_schedule_file_cleanup PASSED       [ 78%]
tests/unit/test_grammar_engine.py::TestGrammarEngine::test_engine_initialization PASSED [ 79%]
tests/unit/test_grammar_engine.py::TestGrammarEngine::test_analyze_perfect_text PASSED [ 79%]
tests/unit/test_grammar_engine.py::TestGrammarEngine::test_analyze_empty_text PASSED [ 80%]
tests/unit/test_grammar_engine.py::TestGrammarEngine::test_analyze_none_text PASSED [ 80%]
tests/unit/test_grammar_engine.py::TestGrammarEngine::test_score_calculation_no_errors PASSED [ 80%]
tests/unit/test_grammar_engine.py::TestGrammarEngine::test_score_calculation_low_error_rate PASSED [ 81%]
tests/unit/test_grammar_engine.py::TestGrammarEngine::test_analyze_sections_empty_dict PASSED [ 81%]
tests/unit/test_grammar_integration.py::test_integration_adds_grammar_block PASSED [ 82%]
tests/unit/test_grammar_integration.py::test_integration_accepts_legacy_kwargs PASSED [ 82%]
tests/unit/test_grammar_integration.py::test_missing_base_feedback_safe PASSED [ 83%]
tests/unit/test_grammar_integration.py::test_integration_handles_engine_exception PASSED [ 83%]
tests/unit/test_grammar_integration.py::test_engine_close_is_called PASSED [ 83%]
tests/unit/test_grammar_integration.py::test_top_errors_limit PASSED     [ 84%]
tests/unit/test_grammar_integration.py::test_score_merge_logic PASSED    [ 84%]
tests/unit/test_main_extra.py::test_root_endpoint_returns_welcome_message PASSED [ 85%]
tests/unit/test_main_extra.py::test_health_check_endpoint_if_exists PASSED [ 85%]
tests/unit/test_main_extra.py::test_redirect_http_to_https PASSED        [ 86%]
tests/unit/test_main_extra.py::test_register_error_handlers PASSED       [ 86%]
tests/unit/test_results_extra.py::test_get_results_missing_job_id PASSED [ 86%]
tests/unit/test_results_extra.py::test_get_results_success_structure PASSED [ 87%]
tests/unit/test_results_extra.py::test_results_api_route PASSED          [ 87%]
tests/unit/upload/test_batch_service.py::test_process_batch_upload_calls_helpers PASSED [ 88%]
tests/unit/upload/test_service.py::TestSaveFile::test_save_file_creates_unique_job_id PASSED [ 88%]
tests/unit/upload/test_service.py::TestSaveFile::test_save_file_preserves_extension PASSED [ 88%]
tests/unit/upload/test_service.py::TestSaveFile::test_save_file_returns_metadata PASSED [ 89%]
tests/unit/upload/test_service.py::TestSaveFile::test_save_file_records_original_filename PASSED [ 89%]
tests/unit/upload/test_service.py::TestSaveFile::test_save_file_records_file_size PASSED [ 90%]
tests/unit/upload/test_service.py::TestSaveFile::test_save_file_includes_timestamp PASSED [ 90%]
tests/unit/upload/test_service.py::TestSaveFile::test_save_file_status_is_uploaded PASSED [ 91%]
tests/unit/upload/test_service.py::TestSaveFile::test_save_file_with_docx PASSED [ 91%]
tests/unit/upload/test_service.py::TestSaveFile::test_save_file_with_txt PASSED [ 91%]
tests/unit/upload/test_service.py::TestSaveFile::test_save_file_creates_upload_directory PASSED [ 92%]
tests/unit/upload/test_service.py::TestSaveFile::test_save_file_actually_writes_content PASSED [ 92%]
tests/unit/upload/test_validators.py::TestFileTypeValidation::test_valid_pdf_accepted PASSED [ 93%]
tests/unit/upload/test_validators.py::TestFileTypeValidation::test_valid_docx_accepted PASSED [ 93%]
tests/unit/upload/test_validators.py::TestFileTypeValidation::test_valid_txt_accepted PASSED [ 94%]
tests/unit/upload/test_validators.py::TestFileTypeValidation::test_uppercase_extension_accepted PASSED [ 94%]
tests/unit/upload/test_validators.py::TestFileTypeValidation::test_invalid_jpg_rejected PASSED [ 94%]
tests/unit/upload/test_validators.py::TestFileTypeValidation::test_invalid_exe_rejected PASSED [ 95%]
tests/unit/upload/test_validators.py::TestFileTypeValidation::test_no_extension_rejected PASSED [ 95%]
tests/unit/upload/test_validators.py::TestFileSizeValidation::test_valid_size_accepted PASSED [ 96%]
tests/unit/upload/test_validators.py::TestFileSizeValidation::test_max_size_accepted PASSED [ 96%]
tests/unit/upload/test_validators.py::TestFileSizeValidation::test_oversized_file_rejected PASSED [ 97%]
tests/unit/upload/test_validators.py::TestFileSizeValidation::test_empty_file_rejected PASSED [ 97%]
tests/unit/upload/test_validators.py::TestFileContentValidation::test_valid_pdf_magic_bytes PASSED [ 97%]
tests/unit/upload/test_validators.py::TestFileContentValidation::test_invalid_pdf_magic_bytes PASSED [ 98%]
tests/unit/upload/test_validators.py::TestFileContentValidation::test_valid_docx_magic_bytes PASSED [ 98%]
tests/unit/upload/test_validators.py::TestFileContentValidation::test_invalid_docx_magic_bytes PASSED [ 99%]
tests/unit/upload/test_validators.py::TestFileContentValidation::test_valid_txt_content PASSED [ 99%]
tests/unit/upload/test_validators.py::TestFileContentValidation::test_invalid_txt_content PASSED [100%]

============================== slowest durations ===============================
4.25s call     tests/system/test_api_download.py::test_download_report_end_to_end_workflow
4.22s call     tests/integration/test_feedback_pipeline_grammar.py::TestGrammarFeedbackIntegration::test_end_to_end_grammar_integration
3.50s call     tests/unit/api/test_compare.py::TestCompareAPI::test_successful_comparison
3.24s call     tests/integration/test_jd_matching_integration.py::TestJDMatchingIntegration::test_compare_endpoint_complete_flow
2.59s call     tests/unit/api/test_compare.py::TestCompareAPI::test_no_skills_matched
2.01s call     tests/unit/test_file_cleanup.py::test_schedule_file_cleanup
1.96s call     tests/unit/api/test_compare.py::TestCompareAPI::test_docx_file_accepted
1.91s call     tests/integration/test_jd_matching_integration.py::TestJDMatchingIntegration::test_skills_only_jd
1.87s call     tests/unit/api/test_compare.py::TestCompareAPI::test_pdf_file_accepted
1.13s call     tests/integration/test_action_verbs_feedback.py::test_action_verb_feedback_integration
1.11s call     tests/integration/test_feedback_pipeline_grammar.py::TestGrammarPipelineEdgeCases::test_action_verb_only_mode
1.10s call     tests/integration/test_feedback_pipeline_grammar.py::TestGrammarPipelineEdgeCases::test_grammar_integration_exception_handling
1.06s call     tests/integration/test_feedback_pipeline_grammar.py::TestGrammarPipelineEdgeCases::test_empty_resume_does_not_crash
1.05s call     tests/integration/test_feedback_pipeline_grammar.py::TestGrammarFeedbackIntegration::test_grammar_optional_flag
0.99s setup    tests/unit/test_action_verbs.py::test_detects_weak_verbs
0.85s call     tests/integration/test_feedback_pipeline_grammar.py::TestGrammarIntegrationHelpers::test_enhance_feedback_with_grammar_function
0.74s call     tests/integration/test_score_report_integration.py::test_dra64_score_to_report_integration
0.74s call     tests/unit/test_grammar_engine.py::TestGrammarEngine::test_analyze_perfect_text
0.69s call     tests/integration/test_feedback_pipeline_grammar.py::TestGrammarPipelineEdgeCases::test_enhance_feedback_with_grammar_merges_existing_fields
0.21s setup    tests/integration/test_parsing_pipeline.py::test_skill_parser_integration
0.13s call     tests/integration/test_performance.py::test_concurrent_save_file_performance[trio]
0.08s call     tests/integration/test_performance.py::test_concurrent_save_file_performance[asyncio]
0.07s call     tests/integration/test_parsing_pipeline.py::test_skill_parser_integration
0.06s call     tests/integration/test_upload_api.py::TestUploadAPI::test_upload_oversized_file_returns_413
0.04s call     tests/system/test_incomplete_sections_e2e.py::test_complete_resume_no_incomplete_flags
0.04s call     tests/integration/test_report_privacy.py::test_pdf_anonymization_is_enforced
0.03s call     tests/unit/feedback/test_report_generation.py::test_pdf_contains_key_report_data
0.02s call     tests/integration/test_parsing_feedback_flow.py::TestParsingFeedbackIntegration::test_upload_complete_resume_returns_all_sections
0.02s call     tests/integration/test_parsing_feedback_flow.py::TestParsingFeedbackIntegration::test_end_to_end_parsing_validation_flow
0.02s call     tests/integration/test_security.py::test_https_enforcement_redirect
0.01s call     tests/system/test_incomplete_sections_e2e.py::test_end_to_end_incomplete_section_detection
0.01s call     tests/integration/test_parsing_feedback_flow.py::TestParsingFeedbackIntegration::test_upload_missing_skills_flagged
0.01s setup    tests/integration/test_batch_upload_api.py::test_batch_upload_workflow
0.01s call     tests/integration/test_feedback_ui_verification.py::TestFeedbackUIIntegration::test_api_returns_incomplete_section_feedback
0.01s call     tests/unit/api/test_compare.py::TestCompareAPI::test_analyzer_failure
0.01s call     tests/unit/test_error_handling.py::test_http_exception_structured_response
0.01s call     tests/unit/test_action_verbs.py::test_score_calculation
0.01s call     tests/system/test_end_to_end_resume_upload.py::test_end_to_end_resume_upload_flow
0.01s call     tests/system/test_end_to_end_resume_upload.py::test_fr005_end_to_end_merge_logic
0.01s call     tests/integration/test_upload_api.py::TestUploadAPI::test_upload_valid_pdf_returns_202
0.01s call     tests/integration/test_parsing_feedback_flow.py::TestParsingFeedbackIntegration::test_upload_multiple_missing_sections

(667 durations < 0.005s hidden.  Use -vv to show these durations.)
====================== 236 passed, 14 warnings in 38.03s =======================
